#
# A fatal error has been detected by the Java Runtime Environment:
#
#  EXCEPTION_ACCESS_VIOLATION (0xc0000005) at pc=0x00007ffd83957cca, pid=24632, tid=22448
#
# JRE version: OpenJDK Runtime Environment Temurin-18.0.1+10 (18.0.1+10) (build 18.0.1+10)
# Java VM: OpenJDK 64-Bit Server VM Temurin-18.0.1+10 (18.0.1+10, mixed mode, tiered, compressed oops, compressed class ptrs, g1 gc, windows-amd64)
# Problematic frame:
# V  [jvm.dll+0x7b7cca]
#
# No core dump will be written. Minidumps are not enabled by default on client versions of Windows
#
# If you would like to submit a bug report, please visit:
#   https://github.com/adoptium/adoptium-support/issues
#

---------------  S U M M A R Y ------------

Command Line: -XX:+ShowCodeDetailsInExceptionMessages -agentlib:jdwp=transport=dt_socket,suspend=y,address=localhost:63131 -javaagent:C:\Users\Paco\eclipse\java-2021-03\eclipse\configuration\org.eclipse.osgi\222\0\.cp\lib\javaagent-shaded.jar -Dfile.encoding=UTF-8 Main.Main

Host: AMD Ryzen 7 3800X 8-Core Processor             , 16 cores, 15G,  Windows 10 , 64 bit Build 19041 (10.0.19041.1741)
Time: Sun Jun 26 00:11:53 2022 Hora de verano romance elapsed time: 6294.672285 seconds (0d 1h 44m 54s)

---------------  T H R E A D  ---------------

Current thread (0x0000023c43edcb20):  JavaThread "JDWP Transport Listener: dt_socket" daemon [_thread_in_vm, id=22448, stack(0x000000c882b00000,0x000000c882c00000)]

Stack: [0x000000c882b00000,0x000000c882c00000],  sp=0x000000c882bff940,  free space=1022k
Native frames: (J=compiled Java code, j=interpreted, Vv=VM code, C=native code)
V  [jvm.dll+0x7b7cca]
V  [jvm.dll+0x52ee8c]
V  [jvm.dll+0x4fc88b]
C  [jdwp.dll+0x22fe7]


siginfo: EXCEPTION_ACCESS_VIOLATION (0xc0000005), reading address 0x0000000001000103


Register to memory mapping:

RIP=0x00007ffd83957cca jvm.dll
RAX=0x0000000000000101 is an unknown value
RBX=0x0000023c43c553eb points into unknown readable memory: 61 76 61 2f 73
RCX=0x00000000010000ff is an unknown value
RDX=0x0000023c44367820 points into unknown readable memory: 0x746375646f72504c | 4c 50 72 6f 64 75 63 74
RSP=0x000000c882bff940 is pointing into the stack for thread: 0x0000023c43edcb20
RBP=0x0000023c43ede170 points into unknown readable memory: 0x0000000200000002 | 02 00 00 00 02 00 00 00
RSI=0x0 is NULL
RDI=0xffffffffffffffff is an unknown value
R8 =0x000000000000000b is an unknown value
R9 =0x0000000000000013 is an unknown value
R10=0x0 is NULL
R11=0x000000c882bff960 is pointing into the stack for thread: 0x0000023c43edcb20
R12=0x000000c882bffa98 is pointing into the stack for thread: 0x0000023c43edcb20
R13=0x0 is NULL
R14=0x0000000800143bf0 is a pointer to class: 
Producto.DAO.DAOProducto {0x0000000800143bf8}
 - instance size:     3
 - klass size:        78
 - access:            public synchronized 
 - state:             fully_initialized
 - name:              'Producto/DAO/DAOProducto'
 - super:             'Producto/DAO/IDAOProducto'
 - sub:               
 - arrays:            NULL
 - methods:           Array<T>(0x0000023c41206780)
 - method ordering:   Array<T>(0x0000023c412075e0)
 - default_methods:   Array<T>(0x0000000000000000)
 - local interfaces:  Array<T>(0x0000023c40707fc0)
 - trans. interfaces: Array<T>(0x0000023c40707fc0)
 - constants:         constant pool [263] {0x0000023c4120d058} for 'Producto/DAO/DAOProducto' cache=0x0000023c41207820
 - class loader data:  loader data: 0x0000023c43e0d9e0 for instance a 'jdk/internal/loader/ClassLoaders$AppClassLoader'{0x000000070f622af8}
 - source file:       'DAOProducto.java'
 - class annotations:       Array<T>(0x0000000000000000)
 - class type annotations:  Array<T>(0x0000000000000000)
 - field annotations:       Array<T>(0x0000000000000000)
 - field type annotations:  Array<T>(0x0000000000000000)
 - generic signature: '
[error occurred during error reporting (printing register info), id 0xc0000005, EXCEPTION_ACCESS_VIOLATION (0xc0000005) at pc=0x00007ffd839588d6]

Registers:
RAX=0x0000000000000101, RBX=0x0000023c43c553eb, RCX=0x00000000010000ff, RDX=0x0000023c44367820
RSP=0x000000c882bff940, RBP=0x0000023c43ede170, RSI=0x0000000000000000, RDI=0xffffffffffffffff
R8 =0x000000000000000b, R9 =0x0000000000000013, R10=0x0000000000000000, R11=0x000000c882bff960
R12=0x000000c882bffa98, R13=0x0000000000000000, R14=0x0000000800143bf0, R15=0x000000c882bffae8
RIP=0x00007ffd83957cca, EFLAGS=0x0000000000010202

Top of Stack: (sp=0x000000c882bff940)
0x000000c882bff940:   0000000000000018 0000000800143bf0
0x000000c882bff950:   0000023c43edcb20 0000000000000000
0x000000c882bff960:   ffffffffffffffff 00007ffd836cee8c
0x000000c882bff970:   0000023c43c553eb 0000023c43ede170
0x000000c882bff980:   0000000000000000 0000023c43edcdb0
0x000000c882bff990:   0000023c43c553a0 00000000000003d8
0x000000c882bff9a0:   0000023c43c553b0 0000023c43c55788
0x000000c882bff9b0:   0000000000000002 000000c882bffa98
0x000000c882bff9c0:   0000000000000000 0000000000000000
0x000000c882bff9d0:   000000070f6458e0 00007ffd8369c88b
0x000000c882bff9e0:   0000023c43edcb20 000000c882bffae8
0x000000c882bff9f0:   0000023c1df3aae0 000000c882bffae8
0x000000c882bffa00:   0000023c43edcb20 0000000000000000
0x000000c882bffa10:   0000023c00000000 0000000000000000
0x000000c882bffa20:   000000000000000d 00007ffdddc72fe7
0x000000c882bffa30:   000000c882bffae0 00007ffdddc81640 

Instructions: (pc=0x00007ffd83957cca)
0x00007ffd83957bca:   48 8b f8 48 85 db 74 08 48 8b cb e8 b6 66 eb ff
0x00007ffd83957bda:   48 8b 5c 24 30 48 8b c7 48 83 c4 20 5f c3 8d 42
0x00007ffd83957bea:   06 83 ff 02 b9 08 00 00 00 0f 4e c1 45 33 c0 48
0x00007ffd83957bfa:   63 c8 48 83 c1 07 83 e1 f8 48 63 c9 41 8d 50 0b
0x00007ffd83957c0a:   48 83 c4 20 5f e9 3c ce 8f ff cc cc cc cc cc cc
0x00007ffd83957c1a:   cc cc cc cc cc cc 83 fa 02 8d 42 06 b9 08 00 00
0x00007ffd83957c2a:   00 4d 8b c8 0f 4e c1 48 63 c8 49 8b 40 18 48 83
0x00007ffd83957c3a:   c1 07 83 e1 f8 48 63 d1 49 8b 48 20 48 2b c8 48
0x00007ffd83957c4a:   3b ca 72 09 48 8d 0c 10 49 89 48 18 c3 45 33 c0
0x00007ffd83957c5a:   49 8b c9 e9 1e 2c 90 ff cc cc cc cc cc cc cc cc
0x00007ffd83957c6a:   cc cc cc cc cc cc 4c 8b d2 4c 8b d9 45 85 c0 7e
0x00007ffd83957c7a:   3c 44 0f b7 49 04 41 8d 40 ff 41 3b c1 44 0f 4c
0x00007ffd83957c8a:   c8 4d 63 c1 45 85 c9 7e 1f 48 8b c2 4c 2b da 49
0x00007ffd83957c9a:   8b d0 0f 1f 40 00 41 0f b6 4c 03 06 88 08 48 8d
0x00007ffd83957caa:   40 01 48 83 ea 01 75 ee 43 c6 04 10 00 49 8b c2
0x00007ffd83957cba:   c3 cc cc cc cc cc 48 89 5c 24 08 57 48 83 ec 20
0x00007ffd83957cca:   0f b7 59 04 48 8b f9 33 d2 48 8d 4b 01 e8 e4 9e
0x00007ffd83957cda:   f3 ff 0f b7 57 04 4c 8b c0 3b da 0f 42 d3 44 8b
0x00007ffd83957cea:   ca 85 d2 74 39 48 2b f8 0f 1f 40 00 66 66 0f 1f
0x00007ffd83957cfa:   84 00 00 00 00 00 0f b6 4c 07 06 88 08 48 ff c0
0x00007ffd83957d0a:   48 8b c8 49 2b c8 49 3b c9 7c eb 42 c6 04 02 00
0x00007ffd83957d1a:   49 8b c0 48 8b 5c 24 30 48 83 c4 20 5f c3 48 8b
0x00007ffd83957d2a:   5c 24 30 c6 04 02 00 48 83 c4 20 5f c3 cc cc cc
0x00007ffd83957d3a:   cc cc cc cc cc cc 4c 8b d1 45 85 c0 7e 6c 44 0f
0x00007ffd83957d4a:   b7 49 04 41 8d 40 ff 41 3b c1 44 0f 4c c8 4d 63
0x00007ffd83957d5a:   d9 45 85 c9 7e 22 48 8b ca 4c 2b d2 4d 8b c3 0f
0x00007ffd83957d6a:   1f 80 00 00 00 00 41 0f b6 44 0a 06 88 01 48 8d
0x00007ffd83957d7a:   49 01 49 83 e8 01 75 ee 41 c6 04 13 00 48 c7 c0
0x00007ffd83957d8a:   ff ff ff ff 66 90 48 ff c0 80 3c 02 00 75 f7 48
0x00007ffd83957d9a:   63 c8 85 c0 48 8b c2 7e 14 80 38 2f 75 03 c6 00
0x00007ffd83957daa:   2e 48 ff c0 48 83 e9 01 75 ef 48 8b c2 c3 cc cc
0x00007ffd83957dba:   cc cc cc cc cc cc 48 83 ec 28 e8 f7 fe ff ff 4c 


Stack slot to memory mapping:
stack at sp + 0 slots: 0x0000000000000018 is an unknown value
stack at sp + 1 slots: 0x0000000800143bf0 is a pointer to class: 
Producto.DAO.DAOProducto {0x0000000800143bf8}
 - instance size:     3
 - klass size:        78
 - access:            public synchronized 
 - state:             fully_initialized
 - name:              'Producto/DAO/DAOProducto'
 - super:             'Producto/DAO/IDAOProducto'
 - sub:               
 - arrays:            NULL
 - methods:           Array<T>(0x0000023c41206780)
 - method ordering:   Array<T>(0x0000023c412075e0)
 - default_methods:   Array<T>(0x0000000000000000)
 - local interfaces:  Array<T>(0x0000023c40707fc0)
 - trans. interfaces: Array<T>(0x0000023c40707fc0)
 - constants:         constant pool [263] {0x0000023c4120d058} for 'Producto/DAO/DAOProducto' cache=0x0000023c41207820
 - class loader data:  loader data: 0x0000023c43e0d9e0 for instance a 'jdk/internal/loader/ClassLoaders$AppClassLoader'{0x000000070f622af8}
 - source file:       'DAOProducto.java'
 - class annotations:       Array<T>(0x0000000000000000)
 - class type annotations:  Array<T>(0x0000000000000000)
 - field annotations:       Array<T>(0x0000000000000000)
 - field type annotations:  Array<T>(0x0000000000000000)
 - generic signature: '
[error occurred during error reporting (inspecting top of stack), id 0xc0000005, EXCEPTION_ACCESS_VIOLATION (0xc0000005) at pc=0x00007ffd839588d6]


---------------  P R O C E S S  ---------------

Threads class SMR info:
_java_thread_list=0x0000023c4e44e590, length=21, elements={
0x0000023c43c12290, 0x0000023c3f7f8850, 0x0000023c3f822e00, 0x0000023c3f8237a0,
0x0000023c3f824140, 0x0000023c3f824c20, 0x0000023c3f826900, 0x0000023c43c3c910,
0x0000023c43c53ad0, 0x0000023c43d2af70, 0x0000023c43edcb20, 0x0000023c43fa4260,
0x0000023c43fa6750, 0x0000023c44542a00, 0x0000023c44542ed0, 0x0000023c445433a0,
0x0000023c44543870, 0x0000023c44545550, 0x0000023c44543d40, 0x0000023c44545a20,
0x0000023c44544bb0
}

Java Threads: ( => current thread )
  0x0000023c43c12290 JavaThread "Reference Handler" daemon [_thread_blocked, id=23792, stack(0x000000c881f00000,0x000000c882000000)]
  0x0000023c3f7f8850 JavaThread "Finalizer" daemon [_thread_blocked, id=16084, stack(0x000000c882000000,0x000000c882100000)]
  0x0000023c3f822e00 JavaThread "Signal Dispatcher" daemon [_thread_blocked, id=15680, stack(0x000000c882100000,0x000000c882200000)]
  0x0000023c3f8237a0 JavaThread "Attach Listener" daemon [_thread_blocked, id=26900, stack(0x000000c882200000,0x000000c882300000)]
  0x0000023c3f824140 JavaThread "Service Thread" daemon [_thread_blocked, id=22236, stack(0x000000c882300000,0x000000c882400000)]
  0x0000023c3f824c20 JavaThread "Monitor Deflation Thread" daemon [_thread_blocked, id=16908, stack(0x000000c882400000,0x000000c882500000)]
  0x0000023c3f826900 JavaThread "C2 CompilerThread0" daemon [_thread_blocked, id=17836, stack(0x000000c882500000,0x000000c882600000)]
  0x0000023c43c3c910 JavaThread "C1 CompilerThread0" daemon [_thread_blocked, id=25268, stack(0x000000c882600000,0x000000c882700000)]
  0x0000023c43c53ad0 JavaThread "Sweeper thread" daemon [_thread_blocked, id=25632, stack(0x000000c882700000,0x000000c882800000)]
  0x0000023c43d2af70 JavaThread "Common-Cleaner" daemon [_thread_blocked, id=24548, stack(0x000000c882800000,0x000000c882900000)]
=>0x0000023c43edcb20 JavaThread "JDWP Transport Listener: dt_socket" daemon [_thread_in_vm, id=22448, stack(0x000000c882b00000,0x000000c882c00000)]
  0x0000023c43fa4260 JavaThread "JDWP Event Helper Thread" daemon [_thread_blocked, id=25372, stack(0x000000c882c00000,0x000000c882d00000)]
  0x0000023c43fa6750 JavaThread "JDWP Command Reader" daemon [_thread_in_native, id=4564, stack(0x000000c882d00000,0x000000c882e00000)]
  0x0000023c44542a00 JavaThread "Notification Thread" daemon [_thread_blocked, id=27320, stack(0x000000c883000000,0x000000c883100000)]
  0x0000023c44542ed0 JavaThread "Java2D Disposer" daemon [_thread_blocked, id=15796, stack(0x000000c883200000,0x000000c883300000)]
  0x0000023c445433a0 JavaThread "AWT-Shutdown" [_thread_blocked, id=26388, stack(0x000000c883300000,0x000000c883400000)]
  0x0000023c44543870 JavaThread "AWT-Windows" daemon [_thread_in_native, id=3716, stack(0x000000c883400000,0x000000c883500000)]
  0x0000023c44545550 JavaThread "AWT-EventQueue-0" [_thread_blocked, id=360, stack(0x000000c883500000,0x000000c883600000)]
  0x0000023c44543d40 JavaThread "DestroyJavaVM" [_thread_blocked, id=15292, stack(0x000000c881800000,0x000000c881900000)]
  0x0000023c44545a20 JavaThread "D3D Screen Updater" daemon [_thread_blocked, id=14376, stack(0x000000c885700000,0x000000c885800000)]
  0x0000023c44544bb0 JavaThread "TimerQueue" daemon [_thread_blocked, id=12000, stack(0x000000c886300000,0x000000c886400000)]

Other Threads:
  0x0000023c1e1fd970 VMThread "VM Thread" [stack: 0x000000c881e00000,0x000000c881f00000] [id=24000]
  0x0000023c446f4c20 WatcherThread "VM Periodic Task Thread" [stack: 0x000000c883100000,0x000000c883200000] [id=7532]
  0x0000023c1e1d1330 WorkerThread "GC Thread#0" [stack: 0x000000c881900000,0x000000c881a00000] [id=26452]
  0x0000023c454b6170 WorkerThread "GC Thread#1" [stack: 0x000000c882900000,0x000000c882a00000] [id=10596]
  0x0000023c454b5ed0 WorkerThread "GC Thread#2" [stack: 0x000000c882a00000,0x000000c882b00000] [id=24620]
  0x0000023c454b6950 WorkerThread "GC Thread#3" [stack: 0x000000c882e00000,0x000000c882f00000] [id=17608]
  0x0000023c454b6bf0 WorkerThread "GC Thread#4" [stack: 0x000000c885400000,0x000000c885500000] [id=27604]
  0x0000023c454b5990 WorkerThread "GC Thread#5" [stack: 0x000000c885500000,0x000000c885600000] [id=7492]
  0x0000023c454b6410 WorkerThread "GC Thread#6" [stack: 0x000000c885600000,0x000000c885700000] [id=9532]
  0x0000023c454b6e90 WorkerThread "GC Thread#7" [stack: 0x000000c885800000,0x000000c885900000] [id=2120]
  0x0000023c454b7130 WorkerThread "GC Thread#8" [stack: 0x000000c885900000,0x000000c885a00000] [id=22944]
  0x0000023c458af480 WorkerThread "GC Thread#9" [stack: 0x000000c885a00000,0x000000c885b00000] [id=25716]
  0x0000023c458aef40 WorkerThread "GC Thread#10" [stack: 0x000000c885b00000,0x000000c885c00000] [id=23424]
  0x0000023c458ae4c0 WorkerThread "GC Thread#11" [stack: 0x000000c885c00000,0x000000c885d00000] [id=24748]
  0x0000023c458b0980 WorkerThread "GC Thread#12" [stack: 0x000000c885d00000,0x000000c885e00000] [id=7224]
  0x0000023c1e1e21a0 ConcurrentGCThread "G1 Main Marker" [stack: 0x000000c881a00000,0x000000c881b00000] [id=26792]
  0x0000023c1e1e4340 WorkerThread "G1 Conc#0" [stack: 0x000000c881b00000,0x000000c881c00000] [id=26532]
  0x0000023c458adf80 WorkerThread "G1 Conc#1" [stack: 0x000000c885e00000,0x000000c885f00000] [id=8264]
  0x0000023c458aeca0 WorkerThread "G1 Conc#2" [stack: 0x000000c885f00000,0x000000c886000000] [id=13068]
  0x0000023c3f65c790 ConcurrentGCThread "G1 Refine#0" [stack: 0x000000c881c00000,0x000000c881d00000] [id=25256]
  0x0000023c3f65d0a0 ConcurrentGCThread "G1 Service" [stack: 0x000000c881d00000,0x000000c881e00000] [id=2376]

Threads with active compile tasks:

VM state: not at safepoint (normal execution)

VM Mutex/Monitor currently owned by a thread: None

Heap address: 0x0000000700c00000, size: 4084 MB, Compressed Oops mode: Zero based, Oop shift amount: 3

CDS archive(s) not mapped
Compressed class space mapped at: 0x0000000800000000-0x0000000840000000, reserved size: 1073741824
Narrow klass base: 0x0000000800000000, Narrow klass shift: 0, Narrow klass range: 0x40000000

GC Precious Log:
 CardTable entry size: 512
 Card Set container configuration: InlinePtr #cards 4 size 8 Array Of Cards #cards 16 size 48 Howl #buckets 8 coarsen threshold 3686 Howl Bitmap #cards 512 size 80 coarsen threshold 460 Card regions per heap region 1 cards per card region 4096
 CPUs: 16 total, 16 available
 Memory: 16328M
 Large Page Support: Disabled
 NUMA Support: Disabled
 Compressed Oops: Enabled (Zero based)
 Heap Region Size: 2M
 Heap Min Capacity: 8M
 Heap Initial Capacity: 256M
 Heap Max Capacity: 4084M
 Pre-touch: Disabled
 Parallel Workers: 13
 Concurrent Workers: 3
 Concurrent Refinement Workers: 13
 Periodic GC: Disabled

Heap:
 garbage-first heap   total 28672K, used 10793K [0x0000000700c00000, 0x0000000800000000)
  region size 2048K, 6 young (12288K), 2 survivors (4096K)
 Metaspace       used 24499K, committed 24704K, reserved 1114112K
  class space    used 2460K, committed 2560K, reserved 1048576K

Heap Regions: E=young(eden), S=young(survivor), O=old, HS=humongous(starts), HC=humongous(continues), CS=collection set, F=free, OA=open archive, CA=closed archive, TAMS=top-at-mark-start (previous, next)
|   0|0x0000000700c00000, 0x0000000700c8a600, 0x0000000700e00000| 27%| O|  |TAMS 0x0000000700c00000, 0x0000000700c00000| Complete 
|   1|0x0000000700e00000, 0x0000000700e00000, 0x0000000701000000|  0%| F|  |TAMS 0x0000000700e00000, 0x0000000700e00000| Untracked 
|   2|0x0000000701000000, 0x0000000701000000, 0x0000000701200000|  0%| F|  |TAMS 0x0000000701000000, 0x0000000701000000| Untracked 
|   3|0x0000000701200000, 0x0000000701200000, 0x0000000701400000|  0%| F|  |TAMS 0x0000000701200000, 0x0000000701200000| Untracked 
|   4|0x0000000701400000, 0x0000000701400000, 0x0000000701600000|  0%| F|  |TAMS 0x0000000701400000, 0x0000000701400000| Untracked 
|   5|0x0000000701600000, 0x0000000701600000, 0x0000000701800000|  0%| F|  |TAMS 0x0000000701600000, 0x0000000701600000| Untracked 
|   6|0x0000000701800000, 0x0000000701800000, 0x0000000701a00000|  0%| F|  |TAMS 0x0000000701800000, 0x0000000701800000| Untracked 
|   7|0x0000000701a00000, 0x0000000701a00000, 0x0000000701c00000|  0%| F|  |TAMS 0x0000000701a00000, 0x0000000701a00000| Untracked 
|   8|0x0000000701c00000, 0x0000000701d15050, 0x0000000701e00000| 54%| E|  |TAMS 0x0000000701c00000, 0x0000000701c00000| Complete 
|   9|0x0000000701e00000, 0x0000000702000000, 0x0000000702000000|100%| E|CS|TAMS 0x0000000701e00000, 0x0000000701e00000| Complete 
|  10|0x0000000702000000, 0x0000000702200000, 0x0000000702200000|100%| E|CS|TAMS 0x0000000702000000, 0x0000000702000000| Complete 
| 116|0x000000070f400000, 0x000000070f600000, 0x000000070f600000|100%| S|CS|TAMS 0x000000070f400000, 0x000000070f400000| Complete 
| 117|0x000000070f600000, 0x000000070f800000, 0x000000070f800000|100%| S|CS|TAMS 0x000000070f600000, 0x000000070f600000| Complete 
| 127|0x0000000710a00000, 0x0000000710c00000, 0x0000000710c00000|100%| E|CS|TAMS 0x0000000710a00000, 0x0000000710a00000| Complete 

Card table byte_map: [0x0000023c337f0000,0x0000023c33ff0000] _byte_map_base: 0x0000023c2ffea000

Marking Bits (Prev, Next): (CMBitMap*) 0x0000023c1e1d1970, (CMBitMap*) 0x0000023c1e1d1930
 Prev Bits: [0x0000023c387c0000, 0x0000023c3c790000)
 Next Bits: [0x0000023c347f0000, 0x0000023c387c0000)

Polling page: 0x0000023c1e220000

Metaspace:

Usage:
  Non-class:     21.52 MB used.
      Class:      2.40 MB used.
       Both:     23.93 MB used.

Virtual space:
  Non-class space:       64.00 MB reserved,      21.62 MB ( 34%) committed,  1 nodes.
      Class space:        1.00 GB reserved,       2.50 MB ( <1%) committed,  1 nodes.
             Both:        1.06 GB reserved,      24.12 MB (  2%) committed. 

Chunk freelists:
   Non-Class:  1.95 MB
       Class:  1.54 MB
        Both:  3.49 MB

MaxMetaspaceSize: unlimited
CompressedClassSpaceSize: 1.00 GB
Initial GC threshold: 21.00 MB
Current GC threshold: 35.25 MB
CDS: off
MetaspaceReclaimPolicy: balanced
 - commit_granule_bytes: 65536.
 - commit_granule_words: 8192.
 - virtual_space_node_default_size: 8388608.
 - enlarge_chunks_in_place: 1.
 - new_chunks_are_fully_committed: 0.
 - uncommit_free_chunks: 1.
 - use_allocation_guard: 0.


Internal statistics:

num_allocs_failed_limit: 3.
num_arena_births: 166.
num_arena_deaths: 0.
num_vsnodes_births: 2.
num_vsnodes_deaths: 0.
num_space_committed: 386.
num_space_uncommitted: 0.
num_chunks_returned_to_freelist: 3.
num_chunks_taken_from_freelist: 351.
num_chunk_merges: 0.
num_chunk_splits: 195.
num_chunks_enlarged: 112.
num_inconsistent_stats: 0.

CodeHeap 'non-profiled nmethods': size=119168Kb used=879Kb max_used=879Kb free=118288Kb
 bounds [0x0000023c2abc0000, 0x0000023c2ae30000, 0x0000023c32020000]
CodeHeap 'profiled nmethods': size=119104Kb used=4546Kb max_used=4546Kb free=114557Kb
 bounds [0x0000023c23770000, 0x0000023c23bf0000, 0x0000023c2abc0000]
CodeHeap 'non-nmethods': size=7488Kb used=1400Kb max_used=3130Kb free=6087Kb
 bounds [0x0000023c23020000, 0x0000023c23340000, 0x0000023c23770000]
 total_blobs=2992 nmethods=2326 adapters=578
 compilation: enabled
              stopped_count=0, restarted_count=0
 full_count=0

Compilation events (20 events):
Event: 339.274 Thread 0x0000023c3f826900 2317       4       java.util.Arrays::copyOf (40 bytes)
Event: 339.276 Thread 0x0000023c3f826900 nmethod 2317 0x0000023c2ac93d90 code [0x0000023c2ac93f20, 0x0000023c2ac94418]
Event: 352.218 Thread 0x0000023c3f826900 2318       4       java.util.Arrays::copyOf (40 bytes)
Event: 352.221 Thread 0x0000023c3f826900 nmethod 2318 0x0000023c2ac94690 code [0x0000023c2ac94820, 0x0000023c2ac94d58]
Event: 495.348 Thread 0x0000023c3f826900 2319       4       java.util.ArrayList::toArray (57 bytes)
Event: 495.350 Thread 0x0000023c3f826900 nmethod 2319 0x0000023c2ac95010 code [0x0000023c2ac951a0, 0x0000023c2ac95658]
Event: 508.308 Thread 0x0000023c3f826900 2320       4       java.util.ArrayList::toArray (57 bytes)
Event: 508.310 Thread 0x0000023c3f826900 nmethod 2320 0x0000023c2ac95810 code [0x0000023c2ac959a0, 0x0000023c2ac95fd8]
Event: 616.186 Thread 0x0000023c43c3c910 2321   !   3       jdk.internal.ref.PhantomCleanable::isListEmpty (34 bytes)
Event: 616.186 Thread 0x0000023c43c3c910 nmethod 2321 0x0000023c23bd8210 code [0x0000023c23bd83c0, 0x0000023c23bd8638]
Event: 616.186 Thread 0x0000023c43c3c910 2322       3       jdk.internal.misc.InnocuousThread::eraseThreadLocals (23 bytes)
Event: 616.187 Thread 0x0000023c43c3c910 nmethod 2322 0x0000023c23bd8790 code [0x0000023c23bd8920, 0x0000023c23bd8b18]
Event: 2018.540 Thread 0x0000023c43c3c910 2323 % !   3       sun.java2d.d3d.D3DScreenUpdateManager::run @ 105 (267 bytes)
Event: 2018.542 Thread 0x0000023c43c3c910 nmethod 2323% 0x0000023c23bd8b90 code [0x0000023c23bd9020, 0x0000023c23bdbba8]
Event: 2052.891 Thread 0x0000023c43c3c910 2324   !   3       sun.java2d.d3d.D3DScreenUpdateManager::run (267 bytes)
Event: 2052.892 Thread 0x0000023c43c3c910 nmethod 2324 0x0000023c23bdcd10 code [0x0000023c23bdd180, 0x0000023c23bdfa68]
Event: 3389.115 Thread 0x0000023c3f826900 2325 % !   4       sun.java2d.d3d.D3DScreenUpdateManager::run @ 105 (267 bytes)
Event: 3389.133 Thread 0x0000023c3f826900 nmethod 2325% 0x0000023c2ac96210 code [0x0000023c2ac964a0, 0x0000023c2ac97f80]
Event: 3663.079 Thread 0x0000023c3f826900 2326 % !   4       sun.java2d.d3d.D3DScreenUpdateManager::run @ 0 (267 bytes)
Event: 3663.095 Thread 0x0000023c3f826900 nmethod 2326% 0x0000023c2ac99090 code [0x0000023c2ac99300, 0x0000023c2ac9ad40]

GC Heap History (2 events):
Event: 16.173 GC heap before
{Heap before GC invocations=0 (full 0):
 garbage-first heap   total 262144K, used 18432K [0x0000000700c00000, 0x0000000800000000)
  region size 2048K, 10 young (20480K), 0 survivors (0K)
 Metaspace       used 21266K, committed 21504K, reserved 1114112K
  class space    used 2068K, committed 2176K, reserved 1048576K
}
Event: 16.178 GC heap after
{Heap after GC invocations=1 (full 0):
 garbage-first heap   total 262144K, used 4649K [0x0000000700c00000, 0x0000000800000000)
  region size 2048K, 2 young (4096K), 2 survivors (4096K)
 Metaspace       used 21266K, committed 21504K, reserved 1114112K
  class space    used 2068K, committed 2176K, reserved 1048576K
}

Deoptimization events (20 events):
Event: 20.759 Thread 0x0000023c44545550 DEOPT PACKING pc=0x0000023c2abcbaac sp=0x000000c8835fd070
Event: 20.759 Thread 0x0000023c44545550 DEOPT UNPACKING pc=0x0000023c230723a3 sp=0x000000c8835fd018 mode 2
Event: 20.759 Thread 0x0000023c44545550 Uncommon trap: trap_request=0xffffffde fr.pc=0x0000023c2abcbaac relative=0x00000000000001ac
Event: 20.759 Thread 0x0000023c44545550 Uncommon trap: reason=class_check action=maybe_recompile pc=0x0000023c2abcbaac method=java.lang.String.equals(Ljava/lang/Object;)Z @ 8 c2
Event: 20.759 Thread 0x0000023c44545550 DEOPT PACKING pc=0x0000023c2abcbaac sp=0x000000c8835fcf10
Event: 20.759 Thread 0x0000023c44545550 DEOPT UNPACKING pc=0x0000023c230723a3 sp=0x000000c8835fceb8 mode 2
Event: 20.759 Thread 0x0000023c44545550 Uncommon trap: trap_request=0xffffffde fr.pc=0x0000023c2abcbaac relative=0x00000000000001ac
Event: 20.759 Thread 0x0000023c44545550 Uncommon trap: reason=class_check action=maybe_recompile pc=0x0000023c2abcbaac method=java.lang.String.equals(Ljava/lang/Object;)Z @ 8 c2
Event: 20.759 Thread 0x0000023c44545550 DEOPT PACKING pc=0x0000023c2abcbaac sp=0x000000c8835fcf10
Event: 20.759 Thread 0x0000023c44545550 DEOPT UNPACKING pc=0x0000023c230723a3 sp=0x000000c8835fceb8 mode 2
Event: 339.374 Thread 0x0000023c44545a20 Uncommon trap: trap_request=0xffffffcc fr.pc=0x0000023c2ac94280 relative=0x0000000000000360
Event: 339.374 Thread 0x0000023c44545a20 Uncommon trap: reason=intrinsic_or_type_checked_inlining action=make_not_entrant pc=0x0000023c2ac94280 method=java.util.Arrays.copyOf([Ljava/lang/Object;ILjava/lang/Class;)[Ljava/lang/Object; @ 35 c2
Event: 339.374 Thread 0x0000023c44545a20 DEOPT PACKING pc=0x0000023c2ac94280 sp=0x000000c8857fefe0
Event: 339.374 Thread 0x0000023c44545a20 DEOPT UNPACKING pc=0x0000023c230723a3 sp=0x000000c8857fef80 mode 2
Event: 495.449 Thread 0x0000023c44545a20 Uncommon trap: trap_request=0xffffffdc fr.pc=0x0000023c2ac95358 relative=0x00000000000001b8
Event: 495.449 Thread 0x0000023c44545a20 Uncommon trap: reason=class_check action=make_not_entrant pc=0x0000023c2ac95358 method=java.util.ArrayList.toArray([Ljava/lang/Object;)[Ljava/lang/Object; @ 21 c2
Event: 495.449 Thread 0x0000023c44545a20 DEOPT PACKING pc=0x0000023c2ac95358 sp=0x000000c8857ff040
Event: 495.449 Thread 0x0000023c44545a20 DEOPT UNPACKING pc=0x0000023c230723a3 sp=0x000000c8857ff010 mode 2
Event: 3937.175 Thread 0x0000023c44545a20 DEOPT PACKING pc=0x0000023c23bdb703 sp=0x000000c8857fefc0
Event: 3937.175 Thread 0x0000023c44545a20 DEOPT UNPACKING pc=0x0000023c23072b43 sp=0x000000c8857fe5a0 mode 0

Classes loaded (20 events):
Event: 20.759 Loading class javax/swing/text/InternationalFormatter$ExtendedReplaceHolder
Event: 20.759 Loading class javax/swing/text/DefaultFormatter$ReplaceHolder
Event: 20.759 Loading class javax/swing/text/DefaultFormatter$ReplaceHolder done
Event: 20.759 Loading class javax/swing/text/InternationalFormatter$ExtendedReplaceHolder done
Event: 20.759 Loading class java/text/ParseException
Event: 20.759 Loading class java/text/ParseException done
Event: 20.896 Loading class javax/swing/JInternalFrame
Event: 20.897 Loading class javax/swing/JInternalFrame done
Event: 20.897 Loading class javax/swing/KeyboardManager
Event: 20.897 Loading class javax/swing/KeyboardManager done
Event: 20.897 Loading class javax/swing/Popup$HeavyWeightWindow
Event: 20.897 Loading class javax/swing/JWindow
Event: 20.897 Loading class javax/swing/JWindow done
Event: 20.897 Loading class javax/swing/Popup$HeavyWeightWindow done
Event: 24.139 Loading class sun/awt/SunToolkit$1
Event: 24.139 Loading class sun/awt/SunToolkit$1 done
Event: 24.143 Loading class java/awt/Window$1DisposeAction
Event: 24.143 Loading class java/awt/Window$1DisposeAction done
Event: 24.144 Loading class javax/swing/Autoscroller
Event: 24.145 Loading class javax/swing/Autoscroller done

Classes unloaded (0 events):
No events

Classes redefined (1 events):
Event: 6294.598 Thread 0x0000023c1e1fd970 redefined class name=Producto.DAO.DAOProducto, count=1

Internal exceptions (20 events):
Event: 0.354 Thread 0x0000023c1e15fe50 Exception <a 'java/io/FileNotFoundException'{0x0000000710208980}> (0x0000000710208980) 
thrown [s\src\hotspot\share\prims\jni.cpp, line 516]
Event: 0.377 Thread 0x0000023c1e15fe50 Exception <a 'java/lang/NoSuchMethodError'{0x00000007102386a8}: 'java.lang.Object java.lang.invoke.DirectMethodHandle$Holder.invokeStaticInit(java.lang.Object)'> (0x00000007102386a8) 
thrown [s\src\hotspot\share\interpreter\linkResolver.cpp, line 766]
Event: 0.491 Thread 0x0000023c44545550 Exception <a 'java/lang/NoSuchMethodError'{0x0000000710338358}: 'void java.lang.invoke.DirectMethodHandle$Holder.invokeSpecial(java.lang.Object, java.lang.Object, java.lang.Object)'> (0x0000000710338358) 
thrown [s\src\hotspot\share\interpreter\linkResolver.cpp, line 766]
Event: 0.496 Thread 0x0000023c44545550 Exception <a 'java/lang/NoSuchMethodError'{0x00000007103d4018}: 'java.lang.Object java.lang.invoke.DirectMethodHandle$Holder.newInvokeSpecial(java.lang.Object, java.lang.Object, java.lang.Object, java.lang.Object, java.lang.Object)'> (0x00000007103d4018) 
thrown [s\src\hotspot\share\interpreter\linkResolver.cpp, line 766]
Event: 0.500 Thread 0x0000023c44545550 Exception <a 'java/lang/NoSuchMethodError'{0x0000000710005df0}: 'java.lang.Object java.lang.invoke.DirectMethodHandle$Holder.invokeStatic(java.lang.Object, int, java.lang.Object)'> (0x0000000710005df0) 
thrown [s\src\hotspot\share\interpreter\linkResolver.cpp, line 766]
Event: 0.517 Thread 0x0000023c44545550 Exception <a 'java/lang/ClassNotFoundException'{0x00000007100c64f8}: com/sun/swing/internal/plaf/metal/resources/spi/metalProvider> (0x00000007100c64f8) 
thrown [s\src\hotspot\share\classfile\systemDictionary.cpp, line 255]
Event: 0.518 Thread 0x0000023c44545550 Exception <a 'java/lang/ClassNotFoundException'{0x00000007100cb2d0}: com/sun/swing/internal/plaf/basic/resources/spi/basicProvider> (0x00000007100cb2d0) 
thrown [s\src\hotspot\share\classfile\systemDictionary.cpp, line 255]
Event: 0.524 Thread 0x0000023c44545550 Exception <a 'java/lang/NoSuchMethodError'{0x00000007100eb198}: 'int java.lang.invoke.Invokers$Holder.invokeExact_MT(java.lang.Object, java.lang.Object)'> (0x00000007100eb198) 
thrown [s\src\hotspot\share\interpreter\linkResolver.cpp, line 766]
Event: 0.552 Thread 0x0000023c44545550 Exception <a 'java/lang/NoSuchMethodError'{0x00000007101a5a80}: 'java.lang.Object java.lang.invoke.DirectMethodHandle$Holder.invokeVirtual(java.lang.Object, java.lang.Object, java.lang.Object, java.lang.Object)'> (0x00000007101a5a80) 
thrown [s\src\hotspot\share\interpreter\linkResolver.cpp, line 766]
Event: 0.553 Thread 0x0000023c44545550 Exception <a 'java/lang/NoSuchMethodError'{0x00000007101ae2f0}: 'void java.lang.invoke.DirectMethodHandle$Holder.invokeStatic(java.lang.Object, java.lang.Object, java.lang.Object, java.lang.Object)'> (0x00000007101ae2f0) 
thrown [s\src\hotspot\share\interpreter\linkResolver.cpp, line 766]
Event: 0.579 Thread 0x0000023c44545550 Exception <a 'java/lang/NoSuchMethodError'{0x000000070fe91858}: 'void java.lang.invoke.DirectMethodHandle$Holder.invokeStatic(java.lang.Object, java.lang.Object)'> (0x000000070fe91858) 
thrown [s\src\hotspot\share\interpreter\linkResolver.cpp, line 766]
Event: 0.593 Thread 0x0000023c44545550 Exception <a 'java/lang/NoSuchMethodError'{0x000000070fed4e90}: 'int java.lang.invoke.DirectMethodHandle$Holder.invokeSpecial(java.lang.Object, java.lang.Object, java.lang.Object)'> (0x000000070fed4e90) 
thrown [s\src\hotspot\share\interpreter\linkResolver.cpp, line 766]
Event: 0.618 Thread 0x0000023c44545550 Exception <a 'java/lang/NoSuchMethodError'{0x000000070ffa9520}: 'java.lang.Object java.lang.invoke.DirectMethodHandle$Holder.invokeStaticInit(java.lang.Object, int, int, int, int)'> (0x000000070ffa9520) 
thrown [s\src\hotspot\share\interpreter\linkResolver.cpp, line 766]
Event: 0.639 Thread 0x0000023c44545550 Exception <a 'java/lang/NoSuchMethodError'{0x000000070fc15050}: 'java.lang.Object java.lang.invoke.DirectMethodHandle$Holder.invokeStaticInit(java.lang.Object, java.lang.Object, int, int, int, int)'> (0x000000070fc15050) 
thrown [s\src\hotspot\share\interpreter\linkResolver.cpp, line 766]
Event: 0.665 Thread 0x0000023c44545550 Exception <a 'sun/nio/fs/WindowsException'{0x000000070fd94b30}> (0x000000070fd94b30) 
thrown [s\src\hotspot\share\prims\jni.cpp, line 516]
Event: 0.751 Thread 0x0000023c44543870 Exception <a 'java/lang/NoSuchMethodError'{0x0000000710280bb0}: 'void java.lang.invoke.DirectMethodHandle$Holder.invokeVirtual(java.lang.Object, java.lang.Object)'> (0x0000000710280bb0) 
thrown [s\src\hotspot\share\interpreter\linkResolver.cpp, line 766]
Event: 0.763 Thread 0x0000023c44545550 Exception <a 'java/lang/NoSuchMethodError'{0x000000070fbfaaf8}: 'void java.lang.invoke.DirectMethodHandle$Holder.invokeStaticInit(java.lang.Object)'> (0x000000070fbfaaf8) 
thrown [s\src\hotspot\share\interpreter\linkResolver.cpp, line 766]
Event: 16.165 Thread 0x0000023c44545550 Implicit null exception at 0x0000023c2ac1fc57 to 0x0000023c2ac20854
Event: 16.165 Thread 0x0000023c44545550 Implicit null exception at 0x0000023c2ac22b95 to 0x0000023c2ac22ce0
Event: 18.274 Thread 0x0000023c44545550 Exception <a 'java/lang/NoSuchMethodError'{0x000000070218d638}: 'int java.lang.invoke.DirectMethodHandle$Holder.invokeStatic(java.lang.Object)'> (0x000000070218d638) 
thrown [s\src\hotspot\share\interpreter\linkResolver.cpp, line 766]

VM Operations (20 events):
Event: 6204.484 Executing VM operation: get/set locals
Event: 6204.484 Executing VM operation: get/set locals done
Event: 6205.388 Executing VM operation: get/set locals
Event: 6205.388 Executing VM operation: get/set locals done
Event: 6294.589 Executing VM operation: ChangeSingleStep
Event: 6294.589 Executing VM operation: ChangeSingleStep done
Event: 6294.589 Executing VM operation: ChangeSingleStep
Event: 6294.589 Executing VM operation: ChangeSingleStep done
Event: 6294.594 Executing VM operation: RedefineClasses
Event: 6294.605 Executing VM operation: RedefineClasses done
Event: 6294.610 Executing VM operation: ChangeBreakpoints
Event: 6294.611 Executing VM operation: ChangeBreakpoints done
Event: 6294.611 Executing VM operation: ChangeBreakpoints
Event: 6294.611 Executing VM operation: ChangeBreakpoints done
Event: 6294.612 Executing VM operation: ChangeSingleStep
Event: 6294.612 Executing VM operation: ChangeSingleStep done
Event: 6294.613 Executing VM operation: get/set locals
Event: 6294.613 Executing VM operation: get/set locals done
Event: 6294.613 Executing VM operation: ChangeSingleStep
Event: 6294.613 Executing VM operation: ChangeSingleStep done

Events (20 events):
Event: 0.808 Thread 0x0000023c44545a20 Thread added: 0x0000023c44545a20
Event: 5.847 Thread 0x0000023c44442970 Thread exited: 0x0000023c44442970
Event: 5.847 Thread 0x0000023c44a34e40 Thread exited: 0x0000023c44a34e40
Event: 5.847 Thread 0x0000023c44a30c70 Thread exited: 0x0000023c44a30c70
Event: 10.847 Thread 0x0000023c44a2f320 Thread exited: 0x0000023c44a2f320
Event: 10.847 Thread 0x0000023c43dcb080 Thread exited: 0x0000023c43dcb080
Event: 11.390 Thread 0x0000023c43d34700 Thread exited: 0x0000023c43d34700
Event: 16.212 Thread 0x0000023c44a30250 Thread added: 0x0000023c44a30250
Event: 16.264 Thread 0x0000023c44a325c0 Thread added: 0x0000023c44a325c0
Event: 16.276 Thread 0x0000023c44a2e3f0 Thread added: 0x0000023c44a2e3f0
Event: 16.288 Thread 0x0000023c44544bb0 Thread added: 0x0000023c44544bb0
Event: 16.483 Thread 0x0000023c44a30250 Thread exited: 0x0000023c44a30250
Event: 18.789 Thread 0x0000023c44a2e3f0 Thread exited: 0x0000023c44a2e3f0
Event: 18.789 Thread 0x0000023c44a325c0 Thread exited: 0x0000023c44a325c0
Event: 23.780 Thread 0x0000023c44a30c70 Thread added: 0x0000023c44a30c70
Event: 23.780 Thread 0x0000023c44a34e40 Thread added: 0x0000023c44a34e40
Event: 23.780 Thread 0x0000023c44a30250 Thread added: 0x0000023c44a30250
Event: 29.066 Thread 0x0000023c44a30250 Thread exited: 0x0000023c44a30250
Event: 29.066 Thread 0x0000023c44a34e40 Thread exited: 0x0000023c44a34e40
Event: 34.067 Thread 0x0000023c44a30c70 Thread exited: 0x0000023c44a30c70


Dynamic libraries:
0x00007ff72f1b0000 - 0x00007ff72f1be000 	C:\Users\Paco\.p2\pool\plugins\org.eclipse.justj.openjdk.hotspot.jre.full.win32.x86_64_18.0.1.v20220515-1614\jre\bin\javaw.exe
0x00007ffdf75b0000 - 0x00007ffdf77a7000 	C:\Windows\SYSTEM32\ntdll.dll
0x00007ffdf5e40000 - 0x00007ffdf5efd000 	C:\Windows\System32\KERNEL32.DLL
0x00007ffdf5070000 - 0x00007ffdf533d000 	C:\Windows\System32\KERNELBASE.dll
0x00007ffdf1740000 - 0x00007ffdf17d0000 	C:\Windows\SYSTEM32\apphelp.dll
0x00007ffdf4ee0000 - 0x00007ffdf4fe0000 	C:\Windows\System32\ucrtbase.dll
0x00007ffde64d0000 - 0x00007ffde64e7000 	C:\Users\Paco\.p2\pool\plugins\org.eclipse.justj.openjdk.hotspot.jre.full.win32.x86_64_18.0.1.v20220515-1614\jre\bin\jli.dll
0x00007ffddef70000 - 0x00007ffddef89000 	C:\Users\Paco\.p2\pool\plugins\org.eclipse.justj.openjdk.hotspot.jre.full.win32.x86_64_18.0.1.v20220515-1614\jre\bin\VCRUNTIME140.dll
0x00007ffdf5f00000 - 0x00007ffdf60a0000 	C:\Windows\System32\USER32.dll
0x00007ffdf55e0000 - 0x00007ffdf5602000 	C:\Windows\System32\win32u.dll
0x00007ffde1c90000 - 0x00007ffde1f2a000 	C:\Windows\WinSxS\amd64_microsoft.windows.common-controls_6595b64144ccf1df_6.0.19041.1110_none_60b5254171f9507e\COMCTL32.dll
0x00007ffdf5830000 - 0x00007ffdf585a000 	C:\Windows\System32\GDI32.dll
0x00007ffdf5860000 - 0x00007ffdf58fe000 	C:\Windows\System32\msvcrt.dll
0x00007ffdf5340000 - 0x00007ffdf544b000 	C:\Windows\System32\gdi32full.dll
0x00007ffdf4cd0000 - 0x00007ffdf4d6d000 	C:\Windows\System32\msvcp_win.dll
0x00007ffdf5a00000 - 0x00007ffdf5a30000 	C:\Windows\System32\IMM32.DLL
0x00007ffdef360000 - 0x00007ffdef36c000 	C:\Users\Paco\.p2\pool\plugins\org.eclipse.justj.openjdk.hotspot.jre.full.win32.x86_64_18.0.1.v20220515-1614\jre\bin\vcruntime140_1.dll
0x00007ffdb47d0000 - 0x00007ffdb4861000 	C:\Users\Paco\.p2\pool\plugins\org.eclipse.justj.openjdk.hotspot.jre.full.win32.x86_64_18.0.1.v20220515-1614\jre\bin\msvcp140.dll
0x00007ffd831a0000 - 0x00007ffd83e29000 	C:\Users\Paco\.p2\pool\plugins\org.eclipse.justj.openjdk.hotspot.jre.full.win32.x86_64_18.0.1.v20220515-1614\jre\bin\server\jvm.dll
0x00007ffdf6900000 - 0x00007ffdf69ae000 	C:\Windows\System32\ADVAPI32.dll
0x00007ffdf6430000 - 0x00007ffdf64cc000 	C:\Windows\System32\sechost.dll
0x00007ffdf67d0000 - 0x00007ffdf68f5000 	C:\Windows\System32\RPCRT4.dll
0x00007ffdf67c0000 - 0x00007ffdf67c8000 	C:\Windows\System32\PSAPI.DLL
0x00007ffdebd40000 - 0x00007ffdebd67000 	C:\Windows\SYSTEM32\WINMM.dll
0x00007ffdec0b0000 - 0x00007ffdec0ba000 	C:\Windows\SYSTEM32\VERSION.dll
0x00007ffdbf6c0000 - 0x00007ffdbf6c9000 	C:\Windows\SYSTEM32\WSOCK32.dll
0x00007ffdf5900000 - 0x00007ffdf596b000 	C:\Windows\System32\WS2_32.dll
0x00007ffdf3580000 - 0x00007ffdf3592000 	C:\Windows\SYSTEM32\kernel.appcore.dll
0x00007ffdf0540000 - 0x00007ffdf054a000 	C:\Users\Paco\.p2\pool\plugins\org.eclipse.justj.openjdk.hotspot.jre.full.win32.x86_64_18.0.1.v20220515-1614\jre\bin\jimage.dll
0x00007ffdf2930000 - 0x00007ffdf2b14000 	C:\Windows\SYSTEM32\DBGHELP.DLL
0x00007ffde23f0000 - 0x00007ffde241c000 	C:\Windows\SYSTEM32\dbgcore.DLL
0x00007ffdf4fe0000 - 0x00007ffdf5062000 	C:\Windows\System32\bcryptPrimitives.dll
0x00007ffdddc50000 - 0x00007ffdddc8b000 	C:\Users\Paco\.p2\pool\plugins\org.eclipse.justj.openjdk.hotspot.jre.full.win32.x86_64_18.0.1.v20220515-1614\jre\bin\jdwp.dll
0x00007ffddf5e0000 - 0x00007ffddf5ee000 	C:\Users\Paco\.p2\pool\plugins\org.eclipse.justj.openjdk.hotspot.jre.full.win32.x86_64_18.0.1.v20220515-1614\jre\bin\instrument.dll
0x00007ffddf020000 - 0x00007ffddf045000 	C:\Users\Paco\.p2\pool\plugins\org.eclipse.justj.openjdk.hotspot.jre.full.win32.x86_64_18.0.1.v20220515-1614\jre\bin\java.dll
0x00007ffde3ab0000 - 0x00007ffde3ac8000 	C:\Users\Paco\.p2\pool\plugins\org.eclipse.justj.openjdk.hotspot.jre.full.win32.x86_64_18.0.1.v20220515-1614\jre\bin\zip.dll
0x00007ffdf69b0000 - 0x00007ffdf70f4000 	C:\Windows\System32\SHELL32.dll
0x00007ffdf2dd0000 - 0x00007ffdf3564000 	C:\Windows\SYSTEM32\windows.storage.dll
0x00007ffdf5a30000 - 0x00007ffdf5d84000 	C:\Windows\System32\combase.dll
0x00007ffdf4730000 - 0x00007ffdf475c000 	C:\Windows\SYSTEM32\Wldp.dll
0x00007ffdf62b0000 - 0x00007ffdf635d000 	C:\Windows\System32\SHCORE.dll
0x00007ffdf60a0000 - 0x00007ffdf60f5000 	C:\Windows\System32\shlwapi.dll
0x00007ffdf4c10000 - 0x00007ffdf4c2f000 	C:\Windows\SYSTEM32\profapi.dll
0x00007ffdded90000 - 0x00007ffdded9c000 	C:\Users\Paco\.p2\pool\plugins\org.eclipse.justj.openjdk.hotspot.jre.full.win32.x86_64_18.0.1.v20220515-1614\jre\bin\dt_socket.dll
0x00007ffdf4130000 - 0x00007ffdf416b000 	C:\Windows\SYSTEM32\IPHLPAPI.DLL
0x00007ffdf4490000 - 0x00007ffdf44fa000 	C:\Windows\system32\mswsock.dll
0x00007ffdf4180000 - 0x00007ffdf424b000 	C:\Windows\SYSTEM32\DNSAPI.dll
0x00007ffdf6730000 - 0x00007ffdf6738000 	C:\Windows\System32\NSI.dll
0x00007ffded3d0000 - 0x00007ffded3da000 	C:\Windows\System32\rasadhlp.dll
0x00007ffdebf70000 - 0x00007ffdebff0000 	C:\Windows\System32\fwpuclnt.dll
0x00007ffdf55b0000 - 0x00007ffdf55d7000 	C:\Windows\System32\bcrypt.dll
0x00007ffddf000000 - 0x00007ffddf013000 	C:\Users\Paco\.p2\pool\plugins\org.eclipse.justj.openjdk.hotspot.jre.full.win32.x86_64_18.0.1.v20220515-1614\jre\bin\net.dll
0x00007ffdec220000 - 0x00007ffdec32a000 	C:\Windows\SYSTEM32\WINHTTP.dll
0x00007ffddefe0000 - 0x00007ffddeff6000 	C:\Users\Paco\.p2\pool\plugins\org.eclipse.justj.openjdk.hotspot.jre.full.win32.x86_64_18.0.1.v20220515-1614\jre\bin\nio.dll
0x00007ffdb1d80000 - 0x00007ffdb1f0e000 	C:\Users\Paco\.p2\pool\plugins\org.eclipse.justj.openjdk.hotspot.jre.full.win32.x86_64_18.0.1.v20220515-1614\jre\bin\awt.dll
0x00007ffdf5740000 - 0x00007ffdf580d000 	C:\Windows\System32\OLEAUT32.dll
0x00007ffdf1880000 - 0x00007ffdf191e000 	C:\Windows\system32\uxtheme.dll
0x00007ffdf65b0000 - 0x00007ffdf66c5000 	C:\Windows\System32\MSCTF.dll
0x00007ffdf5610000 - 0x00007ffdf573a000 	C:\Windows\System32\ole32.dll
0x00007ffdf1b10000 - 0x00007ffdf1b3f000 	C:\Windows\system32\DWMAPI.DLL
0x00007ffdb3fc0000 - 0x00007ffdb40e6000 	C:\Windows\system32\opengl32.dll
0x00007ffdd4ee0000 - 0x00007ffdd4f0c000 	C:\Windows\SYSTEM32\GLU32.dll
0x00007ffdd68b0000 - 0x00007ffdd6a7f000 	C:\Windows\system32\d3d9.dll
0x00007ffdeb210000 - 0x00007ffdeb3a6000 	C:\Windows\System32\DriverStore\FileRepository\c0313676.inf_amd64_96bbc33bec5c7fae\aticfx64.dll
0x00007ffdbecf0000 - 0x00007ffdbed22000 	C:\Windows\System32\DriverStore\FileRepository\c0313676.inf_amd64_96bbc33bec5c7fae\atiu9p64.dll
0x00007ffdbe3b0000 - 0x00007ffdbece6000 	C:\Windows\System32\DriverStore\FileRepository\c0313676.inf_amd64_96bbc33bec5c7fae\atiumd64.dll
0x0000000068230000 - 0x0000000069057000 	C:\Windows\System32\DriverStore\FileRepository\c0313676.inf_amd64_96bbc33bec5c7fae\atiumd6a.dll
0x00007ffdf42a0000 - 0x00007ffdf42eb000 	C:\Windows\SYSTEM32\POWRPROF.dll
0x00007ffdf4110000 - 0x00007ffdf4122000 	C:\Windows\SYSTEM32\UMPDC.dll
0x00007ffdef240000 - 0x00007ffdef27b000 	C:\Windows\SYSTEM32\dxcore.dll
0x00007ffdf4de0000 - 0x00007ffdf4e2e000 	C:\Windows\System32\cfgmgr32.dll
0x00007ffde57a0000 - 0x00007ffde57a9000 	C:\Users\Paco\.p2\pool\plugins\org.eclipse.justj.openjdk.hotspot.jre.full.win32.x86_64_18.0.1.v20220515-1614\jre\bin\management.dll
0x00007ffde5770000 - 0x00007ffde577b000 	C:\Users\Paco\.p2\pool\plugins\org.eclipse.justj.openjdk.hotspot.jre.full.win32.x86_64_18.0.1.v20220515-1614\jre\bin\management_ext.dll
0x00007ffdf4680000 - 0x00007ffdf4698000 	C:\Windows\SYSTEM32\CRYPTSP.dll
0x00007ffdf3da0000 - 0x00007ffdf3dd4000 	C:\Windows\system32\rsaenh.dll
0x00007ffdf4bd0000 - 0x00007ffdf4bfe000 	C:\Windows\SYSTEM32\USERENV.dll
0x00007ffdf46a0000 - 0x00007ffdf46ac000 	C:\Windows\SYSTEM32\CRYPTBASE.dll
0x00007ffded360000 - 0x00007ffded377000 	C:\Windows\SYSTEM32\dhcpcsvc6.DLL
0x00007ffded340000 - 0x00007ffded35d000 	C:\Windows\SYSTEM32\dhcpcsvc.DLL
0x00007ffdf0170000 - 0x00007ffdf017e000 	C:\Users\Paco\.p2\pool\plugins\org.eclipse.justj.openjdk.hotspot.jre.full.win32.x86_64_18.0.1.v20220515-1614\jre\bin\sunmscapi.dll
0x00007ffdf5450000 - 0x00007ffdf55a6000 	C:\Windows\System32\CRYPT32.dll
0x00007ffdf47a0000 - 0x00007ffdf47c7000 	C:\Windows\SYSTEM32\ncrypt.dll
0x00007ffdf4760000 - 0x00007ffdf479b000 	C:\Windows\SYSTEM32\NTASN1.dll
0x00007ffdd9050000 - 0x00007ffdd90d9000 	C:\Users\Paco\.p2\pool\plugins\org.eclipse.justj.openjdk.hotspot.jre.full.win32.x86_64_18.0.1.v20220515-1614\jre\bin\freetype.dll
0x00007ffdb4450000 - 0x00007ffdb44f8000 	C:\Users\Paco\.p2\pool\plugins\org.eclipse.justj.openjdk.hotspot.jre.full.win32.x86_64_18.0.1.v20220515-1614\jre\bin\fontmanager.dll
0x00007ffdeaa70000 - 0x00007ffdeab69000 	C:\Windows\SYSTEM32\textinputframework.dll
0x00007ffdf1510000 - 0x00007ffdf1602000 	C:\Windows\System32\CoreMessaging.dll
0x00007ffdf11b0000 - 0x00007ffdf150e000 	C:\Windows\System32\CoreUIComponents.dll
0x00007ffdf39d0000 - 0x00007ffdf3a03000 	C:\Windows\SYSTEM32\ntmarta.dll
0x00007ffdf0680000 - 0x00007ffdf07d4000 	C:\Windows\SYSTEM32\wintypes.dll
0x00007ffdf5d90000 - 0x00007ffdf5e39000 	C:\Windows\System32\clbcatq.dll
0x00007ffded4b0000 - 0x00007ffded664000 	C:\Windows\SYSTEM32\WindowsCodecs.dll
0x00007ffddada0000 - 0x00007ffddadde000 	C:\Windows\system32\dataexchange.dll
0x00007ffdf0c40000 - 0x00007ffdf0e24000 	C:\Windows\system32\dcomp.dll
0x00007ffdf2b20000 - 0x00007ffdf2d83000 	C:\Windows\system32\d3d11.dll
0x00007ffdf35d0000 - 0x00007ffdf36c3000 	C:\Windows\system32\dxgi.dll
0x00007ffded800000 - 0x00007ffdeda00000 	C:\Windows\system32\twinapi.appcore.dll
0x00007ffdae680000 - 0x00007ffdae6a5000 	C:\Program Files (x86)\Samsung\Easy Printer Manager\SmartScreenPrint\CDAKEYMonitor64.dll

dbghelp: loaded successfully - version: 4.0.5 - missing functions: none
symbol engine: initialized successfully - sym options: 0x614 - pdb path: .;C:\Users\Paco\.p2\pool\plugins\org.eclipse.justj.openjdk.hotspot.jre.full.win32.x86_64_18.0.1.v20220515-1614\jre\bin;C:\Windows\SYSTEM32;C:\Windows\WinSxS\amd64_microsoft.windows.common-controls_6595b64144ccf1df_6.0.19041.1110_none_60b5254171f9507e;C:\Users\Paco\.p2\pool\plugins\org.eclipse.justj.openjdk.hotspot.jre.full.win32.x86_64_18.0.1.v20220515-1614\jre\bin\server;C:\Windows\System32\DriverStore\FileRepository\c0313676.inf_amd64_96bbc33bec5c7fae;C:\Program Files (x86)\Samsung\Easy Printer Manager\SmartScreenPrint

VM Arguments:
jvm_args: -XX:+ShowCodeDetailsInExceptionMessages -agentlib:jdwp=transport=dt_socket,suspend=y,address=localhost:63131 -javaagent:C:\Users\Paco\eclipse\java-2021-03\eclipse\configuration\org.eclipse.osgi\222\0\.cp\lib\javaagent-shaded.jar -Dfile.encoding=UTF-8 
java_command: Main.Main
java_class_path (initial): C:\Users\Paco\git\TrabajoIS2\bin;C:\Users\Paco\Downloads\postgresql-42.4.0.jar
Launcher Type: SUN_STANDARD

[Global flags]
     intx CICompilerCount                          = 12                                        {product} {ergonomic}
     uint ConcGCThreads                            = 3                                         {product} {ergonomic}
     uint G1ConcRefinementThreads                  = 13                                        {product} {ergonomic}
   size_t G1HeapRegionSize                         = 2097152                                   {product} {ergonomic}
    uintx GCDrainStackTargetSize                   = 64                                        {product} {ergonomic}
   size_t InitialHeapSize                          = 268435456                                 {product} {ergonomic}
   size_t MarkStackSize                            = 4194304                                   {product} {ergonomic}
   size_t MaxHeapSize                              = 4282384384                                {product} {ergonomic}
   size_t MaxNewSize                               = 2569011200                                {product} {ergonomic}
   size_t MinHeapDeltaBytes                        = 2097152                                   {product} {ergonomic}
   size_t MinHeapSize                              = 8388608                                   {product} {ergonomic}
    uintx NonNMethodCodeHeapSize                   = 7602480                                {pd product} {ergonomic}
    uintx NonProfiledCodeHeapSize                  = 122027880                              {pd product} {ergonomic}
    uintx ProfiledCodeHeapSize                     = 122027880                              {pd product} {ergonomic}
    uintx ReservedCodeCacheSize                    = 251658240                              {pd product} {ergonomic}
     bool SegmentedCodeCache                       = true                                      {product} {ergonomic}
     bool ShowCodeDetailsInExceptionMessages       = true                                   {manageable} {command line}
   size_t SoftMaxHeapSize                          = 4282384384                             {manageable} {ergonomic}
     bool UseCompressedClassPointers               = true                           {product lp64_product} {ergonomic}
     bool UseCompressedOops                        = true                           {product lp64_product} {ergonomic}
     bool UseG1GC                                  = true                                      {product} {ergonomic}
     bool UseLargePagesIndividualAllocation        = false                                  {pd product} {ergonomic}

Logging:
Log output configuration:
 #0: stdout all=warning uptime,level,tags foldmultilines=false
 #1: stderr all=off uptime,level,tags foldmultilines=false

Environment Variables:
PATH=C:\Users\Paco\.p2\pool\plugins\org.eclipse.justj.openjdk.hotspot.jre.full.win32.x86_64_18.0.1.v20220515-1614\jre\bin;C:/Users/Paco/.p2/pool/plugins/org.eclipse.justj.openjdk.hotspot.jre.full.win32.x86_64_18.0.1.v20220515-1614/jre/bin/server;C:/Users/Paco/.p2/pool/plugins/org.eclipse.justj.openjdk.hotspot.jre.full.win32.x86_64_18.0.1.v20220515-1614/jre/bin;C:\Program Files\AdoptOpenJDK\jdk-11.0.10.9-hotspot\bin;C:\Windows\system32;C:\Windows;C:\Windows\System32\Wbem;C:\Windows\System32\WindowsPowerShell\v1.0\;C:\Windows\System32\OpenSSH\;C:\Program Files\PuTTY\;C:\Program Files\AutoFirma\AutoFirma;C:\Program Files (x86)\Calibre2\;C:\Users\Paco\AppData\Local\Microsoft\WindowsApps;C:\Program Files\GPAC;C:\Program Files\PostgreSQL\14\bin;;C:\Users\Paco\Desktop;
USERNAME=Paco
OS=Windows_NT
PROCESSOR_IDENTIFIER=AMD64 Family 23 Model 113 Stepping 0, AuthenticAMD



---------------  S Y S T E M  ---------------

OS:
 Windows 10 , 64 bit Build 19041 (10.0.19041.1741)
OS uptime: 2 days 6:43 hours

CPU: total 16 (initial active 16) (16 cores per cpu, 2 threads per core) family 23 model 113 stepping 0 microcode 0x0, cx8, cmov, fxsr, ht, mmx, 3dnowpref, sse, sse2, sse3, ssse3, sse4a, sse4.1, sse4.2, popcnt, lzcnt, tsc, tscinvbit, avx, avx2, aes, clmul, bmi1, bmi2, adx, sha, fma, vzeroupper, clflush, clflushopt

Memory: 4k page, system-wide physical 16328M (8423M free)
TotalPageFile size 18760M (AvailPageFile size 6002M)
current process WorkingSet (physical memory assigned to process): 105M, peak: 184M
current process commit charge ("private bytes"): 197M, peak: 463M

vm_info: OpenJDK 64-Bit Server VM (18.0.1+10) for windows-amd64 JRE (18.0.1+10), built on Apr 20 2022 05:04:48 by "" with MS VC++ 16.7 (VS2019)

END.
